# JRE version: OpenJDK Runtime Environment (17.0.7) (build 17.0.7+0-b2043.56-10550314)
# Java VM: OpenJDK 64-Bit Server VM (17.0.7+0-b2043.56-10550314, mixed mode, tiered, compressed oops, compressed class ptrs, g1 gc, windows-amd64)
GC Precious Log:
 CPUs: 8 total, 8 available
 Memory: 12030M
 Large Page Support: Disabled
 NUMA Support: Disabled
 Compressed Oops: Enabled (32-bit)
 Heap Region Size: 1M
 Heap Min Capacity: 8M
 Heap Initial Capacity: 188M
 Heap Max Capacity: 2G
 Pre-touch: Disabled
 Parallel Workers: 8
 Concurrent Workers: 2
 Concurrent Refinement Workers: 8
 Periodic GC: Disabled
Heap:
 garbage-first heap   total 482304K, used 157341K [0x0000000080000000, 0x0000000100000000)
  region size 1024K, 12 young (12288K), 12 survivors (12288K)
 Metaspace       used 145740K, committed 147520K, reserved 1179648K
  class space    used 19214K, committed 20096K, reserved 1048576K
GC Heap History (20 events):
Event: 8459.527 GC heap after
{Heap after GC invocations=161 (full 0):
 garbage-first heap   total 475136K, used 144926K [0x0000000080000000, 0x0000000100000000)
  region size 1024K, 1 young (1024K), 1 survivors (1024K)
 Metaspace       used 145299K, committed 147136K, reserved 1179648K
  class space    used 19213K, committed 20096K, reserved 1048576K
}
Event: 8460.196 GC heap before
{Heap before GC invocations=161 (full 0):
 garbage-first heap   total 475136K, used 183838K [0x0000000080000000, 0x0000000100000000)
  region size 1024K, 41 young (41984K), 1 survivors (1024K)
 Metaspace       used 145322K, committed 147136K, reserved 1179648K
  class space    used 19213K, committed 20096K, reserved 1048576K
}
Event: 8460.309 GC heap after
{Heap after GC invocations=162 (full 0):
 garbage-first heap   total 475136K, used 149159K [0x0000000080000000, 0x0000000100000000)
  region size 1024K, 5 young (5120K), 5 survivors (5120K)
 Metaspace       used 145322K, committed 147136K, reserved 1179648K
  class space    used 19213K, committed 20096K, reserved 1048576K
}
Event: 8461.716 GC heap before
{Heap before GC invocations=163 (full 0):
 garbage-first heap   total 475136K, used 274087K [0x0000000080000000, 0x0000000100000000)
  region size 1024K, 125 young (128000K), 5 survivors (5120K)
 Metaspace       used 145453K, committed 147264K, reserved 1179648K
  class space    used 19213K, committed 20096K, reserved 1048576K
}
Event: 8461.724 GC heap after
{Heap after GC invocations=164 (full 0):
 garbage-first heap   total 475136K, used 153975K [0x0000000080000000, 0x0000000100000000)
  region size 1024K, 9 young (9216K), 9 survivors (9216K)
 Metaspace       used 145453K, committed 147264K, reserved 1179648K
  class space    used 19213K, committed 20096K, reserved 1048576K
}
Event: 8461.742 GC heap before
{Heap before GC invocations=164 (full 0):
 garbage-first heap   total 475136K, used 168311K [0x0000000080000000, 0x0000000100000000)
  region size 1024K, 23 young (23552K), 9 survivors (9216K)
 Metaspace       used 145457K, committed 147264K, reserved 1179648K
  class space    used 19213K, committed 20096K, reserved 1048576K
}
Event: 8461.772 GC heap after
{Heap after GC invocations=165 (full 0):
 garbage-first heap   total 475136K, used 135193K [0x0000000080000000, 0x0000000100000000)
  region size 1024K, 3 young (3072K), 3 survivors (3072K)
 Metaspace       used 145457K, committed 147264K, reserved 1179648K
  class space    used 19213K, committed 20096K, reserved 1048576K
}
Event: 8461.950 GC heap before
{Heap before GC invocations=165 (full 0):
 garbage-first heap   total 475136K, used 187417K [0x0000000080000000, 0x0000000100000000)
  region size 1024K, 56 young (57344K), 3 survivors (3072K)
 Metaspace       used 145461K, committed 147264K, reserved 1179648K
  class space    used 19213K, committed 20096K, reserved 1048576K
}
Event: 8461.954 GC heap after
{Heap after GC invocations=166 (full 0):
 garbage-first heap   total 475136K, used 136740K [0x0000000080000000, 0x0000000100000000)
  region size 1024K, 5 young (5120K), 5 survivors (5120K)
 Metaspace       used 145461K, committed 147264K, reserved 1179648K
  class space    used 19213K, committed 20096K, reserved 1048576K
}
Event: 9327.835 GC heap before
{Heap before GC invocations=167 (full 0):
 garbage-first heap   total 475136K, used 422436K [0x0000000080000000, 0x0000000100000000)
  region size 1024K, 243 young (248832K), 5 survivors (5120K)
 Metaspace       used 145556K, committed 147392K, reserved 1179648K
  class space    used 19213K, committed 20096K, reserved 1048576K
}
Event: 9328.088 GC heap after
{Heap after GC invocations=168 (full 0):
 garbage-first heap   total 475136K, used 139003K [0x0000000080000000, 0x0000000100000000)
  region size 1024K, 5 young (5120K), 5 survivors (5120K)
 Metaspace       used 145556K, committed 147392K, reserved 1179648K
  class space    used 19213K, committed 20096K, reserved 1048576K
}
Event: 9330.196 GC heap before
{Heap before GC invocations=168 (full 0):
 garbage-first heap   total 475136K, used 156411K [0x0000000080000000, 0x0000000100000000)
  region size 1024K, 23 young (23552K), 5 survivors (5120K)
 Metaspace       used 145559K, committed 147392K, reserved 1179648K
  class space    used 19213K, committed 20096K, reserved 1048576K
}
Event: 9330.492 GC heap after
{Heap after GC invocations=169 (full 0):
 garbage-first heap   total 475136K, used 132726K [0x0000000080000000, 0x0000000100000000)
  region size 1024K, 3 young (3072K), 3 survivors (3072K)
 Metaspace       used 145559K, committed 147392K, reserved 1179648K
  class space    used 19213K, committed 20096K, reserved 1048576K
}
Event: 9332.115 GC heap before
{Heap before GC invocations=169 (full 0):
 garbage-first heap   total 475136K, used 158326K [0x0000000080000000, 0x0000000100000000)
  region size 1024K, 30 young (30720K), 3 survivors (3072K)
 Metaspace       used 145566K, committed 147392K, reserved 1179648K
  class space    used 19213K, committed 20096K, reserved 1048576K
}
Event: 9332.142 GC heap after
{Heap after GC invocations=170 (full 0):
 garbage-first heap   total 475136K, used 136429K [0x0000000080000000, 0x0000000100000000)
  region size 1024K, 6 young (6144K), 6 survivors (6144K)
 Metaspace       used 145566K, committed 147392K, reserved 1179648K
  class space    used 19213K, committed 20096K, reserved 1048576K
}
Event: 9441.852 GC heap before
{Heap before GC invocations=171 (full 0):
 garbage-first heap   total 475136K, used 405741K [0x0000000080000000, 0x0000000100000000)
  region size 1024K, 220 young (225280K), 6 survivors (6144K)
 Metaspace       used 145735K, committed 147520K, reserved 1179648K
  class space    used 19214K, committed 20096K, reserved 1048576K
}
Event: 9441.939 GC heap after
{Heap after GC invocations=172 (full 0):
 garbage-first heap   total 475136K, used 161722K [0x0000000080000000, 0x0000000100000000)
  region size 1024K, 28 young (28672K), 28 survivors (28672K)
 Metaspace       used 145735K, committed 147520K, reserved 1179648K
  class space    used 19214K, committed 20096K, reserved 1048576K
}
Event: 9441.949 GC heap before
{Heap before GC invocations=172 (full 0):
 garbage-first heap   total 475136K, used 162746K [0x0000000080000000, 0x0000000100000000)
  region size 1024K, 29 young (29696K), 28 survivors (28672K)
 Metaspace       used 145735K, committed 147520K, reserved 1179648K
  class space    used 19214K, committed 20096K, reserved 1048576K
}
Event: 9442.011 GC heap after
{Heap after GC invocations=173 (full 0):
 garbage-first heap   total 475136K, used 149878K [0x0000000080000000, 0x0000000100000000)
  region size 1024K, 4 young (4096K), 4 survivors (4096K)
 Metaspace       used 145735K, committed 147520K, reserved 1179648K
  class space    used 19214K, committed 20096K, reserved 1048576K
}
Event: 9442.149 GC heap before
{Heap before GC invocations=173 (full 0):
 garbage-first heap   total 475136K, used 171382K [0x0000000080000000, 0x0000000100000000)
  region size 1024K, 26 young (26624K), 4 survivors (4096K)
 Metaspace       used 145740K, committed 147520K, reserved 1179648K
  class space    used 19214K, committed 20096K, reserved 1048576K
}

